<?xml version="1.0" encoding="UTF-8"?>
<testsuite name="PersonalAssistantTest" tests="1" skipped="0" failures="0" errors="0" timestamp="2019-11-10T15:27:54" hostname="DESKTOP-QUPSSBU" time="0.181">
  <properties/>
  <testcase name="start" classname="PersonalAssistantTest" time="0.181"/>
  <system-out><![CDATA[?[1;31m
Start test 1?[0m
Hello! My name is Jarvis.
I was created in 2019.
Please, remind me your name.
>Marry
What a great name you have, Marry !
Let me guess your age.
Enter remainders of dividing your age by 3, 5 and 7.
>1 0 5
Your age is 40; that's a good time to start programming!
Now I will prove to you that I can count to any number you want.
>10
0!
1!
2!
3!
4!
5!
6!
7!
8!
9!
10!
Let`s test your programming knowledge
Why do we use methods?
1. To repeat a statement multiple items.
2. To decompose a program into several small subroutines.
3. To determine the execution time of program.
4. To interrupt the execution of a program.
>1
>2
Congratulations, have a nice day!
]]></system-out>
  <system-err><![CDATA[]]></system-err>
</testsuite>
